Arguments: 
  C:\Program Files\nodejs\node.exe C:\Users\marlo\AppData\Roaming\npm\node_modules\yarn\bin\yarn.js add mysql

PATH: 
  C:\Program Files (x86)\Common Files\Oracle\Java\javapath;C:\WINDOWS\system32;C:\WINDOWS;C:\WINDOWS\System32\Wbem;C:\WINDOWS\System32\WindowsPowerShell\v1.0\;C:\WINDOWS\System32\OpenSSH\;C:\ProgramData\chocolatey\bin;C:\Program Files\nodejs\;C:\Program Files\Git\cmd;C:\Program Files\PostgreSQL\12\bin;C:\Users\marlo\AppData\Local\Microsoft\WindowsApps;;C:\Users\marlo\AppData\Local\Programs\Microsoft VS Code\bin;C:\Users\marlo\AppData\Roaming\npm;C:\Program Files\heroku\bin;C:\Users\marlo\AppData\Local\Programs\Azure Data Studio\bin

Yarn version: 
  1.22.4

Node version: 
  12.18.0

Platform: 
  win32 x64

Trace: 
  SyntaxError: C:\Users\marlo\Desktop\PGBD\Trabalho\ts\package.json: Unexpected token } in JSON at position 612
      at JSON.parse (<anonymous>)
      at C:\Users\marlo\AppData\Roaming\npm\node_modules\yarn\lib\cli.js:1625:59
      at Generator.next (<anonymous>)
      at step (C:\Users\marlo\AppData\Roaming\npm\node_modules\yarn\lib\cli.js:310:30)
      at C:\Users\marlo\AppData\Roaming\npm\node_modules\yarn\lib\cli.js:321:13

npm manifest: 
  {
    "name": "backend-express",
    "version": "1.0.0",
    "description": "",
    "main": "index.js",
    "scripts": {
      "start": "node dist/src/server.js",
      "build": "tsc",
      "dev": "ts-node-dev --ignore-watch node_modules src/server.ts",
      "knex:seed": "knex --knexfile dist/knexfile.js seed:run",
      "knex:migrate": "knex --knexfile dist/knexfile.js migrate:latest",
      "knex:dev:seed": "knex --knexfile knexfile.ts seed:run",
      "knex:dev:migrate": "knex --knexfile knexfile.ts migrate:latest"
    },
    "author": "",
    "license": "ISC",
    "dependencies": {
      "dotenv": "^8.2.0",
      "knex": "^0.21.0",
    },
    "devDependencies": {
      "@types/express": "^4.17.7",
      "ts-node": "^9.0.0",
      "ts-node-dev": "^1.0.0-pre.61",
      "typescript": "^4.0.2"
    }
  }

yarn manifest: 
  No manifest

Lockfile: 
  No lockfile
